[2019-05-01 18:01:31.191] [exthost] [info] extension host started
[2019-05-01 18:01:31.214] [exthost] [info] ExtensionService#_doActivateExtension vscode.debug-auto-launch {"startup":true,"activationEvent":"*"}
[2019-05-01 18:01:31.214] [exthost] [info] ExtensionService#loadCommonJSModule /usr/share/code/resources/app/extensions/debug-auto-launch/dist/extension
[2019-05-01 18:01:31.219] [exthost] [info] ExtensionService#_doActivateExtension vscode.emmet {"startup":true,"activationEvent":"*"}
[2019-05-01 18:01:31.219] [exthost] [info] ExtensionService#loadCommonJSModule /usr/share/code/resources/app/extensions/emmet/dist/extension
[2019-05-01 18:01:31.235] [exthost] [info] ExtensionService#_doActivateExtension vscode.git {"startup":true,"activationEvent":"*"}
[2019-05-01 18:01:31.235] [exthost] [info] ExtensionService#loadCommonJSModule /usr/share/code/resources/app/extensions/git/dist/main
[2019-05-01 18:01:31.323] [exthost] [info] ExtensionService#_doActivateExtension vscode.merge-conflict {"startup":true,"activationEvent":"*"}
[2019-05-01 18:01:31.323] [exthost] [info] ExtensionService#loadCommonJSModule /usr/share/code/resources/app/extensions/merge-conflict/dist/extension
[2019-05-01 18:01:31.327] [exthost] [info] ExtensionService#_doActivateExtension alefragnani.Bookmarks {"startup":true,"activationEvent":"*"}
[2019-05-01 18:01:31.327] [exthost] [info] ExtensionService#loadCommonJSModule /home/fluper/.vscode/extensions/alefragnani.bookmarks-10.4.3/dist/extension
[2019-05-01 18:01:31.335] [exthost] [info] ExtensionService#_doActivateExtension CoenraadS.bracket-pair-colorizer {"startup":true,"activationEvent":"*"}
[2019-05-01 18:01:31.335] [exthost] [info] ExtensionService#loadCommonJSModule /home/fluper/.vscode/extensions/coenraads.bracket-pair-colorizer-1.0.61/out/src/extension
[2019-05-01 18:01:31.349] [exthost] [info] ExtensionService#_doActivateExtension eamodio.gitlens {"startup":true,"activationEvent":"*"}
[2019-05-01 18:01:31.349] [exthost] [info] ExtensionService#loadCommonJSModule /home/fluper/.vscode/extensions/eamodio.gitlens-9.6.3/dist/extension
[2019-05-01 18:01:31.440] [exthost] [info] ExtensionService#_doActivateExtension esbenp.prettier-vscode {"startup":true,"activationEvent":"*"}
[2019-05-01 18:01:31.440] [exthost] [info] ExtensionService#loadCommonJSModule /home/fluper/.vscode/extensions/esbenp.prettier-vscode-1.9.0/out/src/extension
[2019-05-01 18:01:31.578] [exthost] [info] ExtensionService#_doActivateExtension HookyQR.beautify {"startup":true,"activationEvent":"*"}
[2019-05-01 18:01:31.578] [exthost] [info] ExtensionService#loadCommonJSModule /home/fluper/.vscode/extensions/hookyqr.beautify-1.4.11/extension
[2019-05-01 18:01:31.610] [exthost] [info] ExtensionService#_doActivateExtension ms-vscode.atom-keybindings {"startup":true,"activationEvent":"*"}
[2019-05-01 18:01:31.610] [exthost] [info] ExtensionService#loadCommonJSModule /home/fluper/.vscode/extensions/ms-vscode.atom-keybindings-3.0.6/extension
[2019-05-01 18:01:31.611] [exthost] [info] eager extensions activated
[2019-05-01 18:01:32.024] [exthost] [info] ExtensionService#_doActivateExtension vscode.html-language-features {"startup":false,"activationEvent":"onLanguage:html"}
[2019-05-01 18:01:32.024] [exthost] [info] ExtensionService#loadCommonJSModule /usr/share/code/resources/app/extensions/html-language-features/client/dist/htmlMain
[2019-05-01 18:02:13.732] [exthost] [info] ExtensionService#_doActivateExtension vscode.configuration-editing {"startup":false,"activationEvent":"onLanguage:jsonc"}
[2019-05-01 18:02:13.732] [exthost] [info] ExtensionService#loadCommonJSModule /usr/share/code/resources/app/extensions/configuration-editing/dist/extension
[2019-05-01 18:02:13.739] [exthost] [info] ExtensionService#_doActivateExtension vscode.json-language-features {"startup":false,"activationEvent":"onLanguage:jsonc"}
[2019-05-01 18:02:13.739] [exthost] [info] ExtensionService#loadCommonJSModule /usr/share/code/resources/app/extensions/json-language-features/client/dist/jsonMain
[2019-05-01 18:02:13.799] [exthost] [info] ExtensionService#_doActivateExtension vscode.typescript-language-features {"startup":false,"activationEvent":"onLanguage:jsonc"}
[2019-05-01 18:02:13.799] [exthost] [info] ExtensionService#loadCommonJSModule /usr/share/code/resources/app/extensions/typescript-language-features/dist/extension
[2019-05-01 18:03:25.500] [exthost] [info] ExtensionService#_doActivateExtension vscode.extension-editing {"startup":false,"activationEvent":"onLanguage:typescript"}
[2019-05-01 18:03:25.500] [exthost] [info] ExtensionService#loadCommonJSModule /usr/share/code/resources/app/extensions/extension-editing/dist/extension
