[2019-05-01 18:01:32.735] [sharedprocess] [info] main {"machineId":"af41df9b73d2cfcb6a9b46abd50787700cd4cbf0b25160d78df06d53f6498110"}
[2019-05-01 18:01:32.949] [sharedprocess] [info] Scanned system extensions: 72
[2019-05-01 18:01:32.953] [sharedprocess] [info] Scanned system extensions: 72
[2019-05-01 18:01:32.953] [sharedprocess] [info] Scanned system extensions: 72
[2019-05-01 18:01:33.503] [sharedprocess] [info] Scanned user extensions: 15
[2019-05-01 18:01:34.359] [sharedprocess] [info] Deleted from disk adityavm.vscode-monokai-seti /home/fluper/.vscode/extensions/adityavm.vscode-monokai-seti-0.0.5
[2019-05-01 18:01:34.408] [sharedprocess] [info] Deleted from disk dracula-theme.theme-dracula /home/fluper/.vscode/extensions/dracula-theme.theme-dracula-2.17.0
[2019-05-01 18:01:34.408] [sharedprocess] [info] Deleted from disk johnpapa.winteriscoming /home/fluper/.vscode/extensions/johnpapa.winteriscoming-1.0.0
[2019-05-01 18:01:34.408] [sharedprocess] [info] Deleted from disk karyfoundation.theme-karyfoundation-themes /home/fluper/.vscode/extensions/karyfoundation.theme-karyfoundation-themes-18.2.1
[2019-05-01 18:01:34.408] [sharedprocess] [info] Deleted from disk pkief.material-icon-theme /home/fluper/.vscode/extensions/pkief.material-icon-theme-3.7.0
[2019-05-01 18:01:34.408] [sharedprocess] [info] Deleted from disk akamud.vscode-theme-onelight /home/fluper/.vscode/extensions/akamud.vscode-theme-onelight-2.1.0
[2019-05-01 18:01:34.408] [sharedprocess] [info] Deleted from disk gerane.theme-rainbow /home/fluper/.vscode/extensions/gerane.theme-rainbow-0.0.2
[2019-05-01 18:01:34.408] [sharedprocess] [info] Deleted from disk saigowthamr.black-gold /home/fluper/.vscode/extensions/saigowthamr.black-gold-0.27.0
[2019-05-01 18:01:34.408] [sharedprocess] [info] Deleted from disk zamerick.black-ocean /home/fluper/.vscode/extensions/zamerick.black-ocean-1.0.1
[2019-05-01 18:01:34.408] [sharedprocess] [info] Deleted from disk seansassenrath.vscode-theme-superonedark /home/fluper/.vscode/extensions/seansassenrath.vscode-theme-superonedark-0.0.15
[2019-05-01 18:01:34.423] [sharedprocess] [info] Deleted from disk perragnaredin.light-plus-tweaked /home/fluper/.vscode/extensions/perragnaredin.light-plus-tweaked-0.1.16
[2019-05-01 18:01:34.501] [sharedprocess] [info] Scanned user extensions: 15
[2019-05-01 18:01:34.507] [sharedprocess] [info] Deleted from disk uloco.theme-bluloco-light /home/fluper/.vscode/extensions/uloco.theme-bluloco-light-2.7.2
[2019-05-01 18:01:34.553] [sharedprocess] [info] Scanned user extensions: 15
[2019-05-01 18:01:35.291] [sharedprocess] [info] Scanned user extensions: 15
[2019-05-01 18:02:06.800] [sharedprocess] [info] Scanned user extensions: 15
[2019-05-01 18:02:12.751] [sharedprocess] [info] Starting to clean up unused language packs.
[2019-05-01 18:06:35.515] [sharedprocess] [info] Scanned user extensions: 15
[2019-05-01 18:11:35.542] [sharedprocess] [info] Scanned user extensions: 15
[2019-05-01 18:16:35.569] [sharedprocess] [info] Scanned user extensions: 15
[2019-05-01 18:21:35.594] [sharedprocess] [info] Scanned user extensions: 15
[2019-05-01 18:26:35.621] [sharedprocess] [info] Scanned user extensions: 15
[2019-05-01 18:31:35.652] [sharedprocess] [info] Scanned user extensions: 15
[2019-05-01 18:36:35.680] [sharedprocess] [info] Scanned user extensions: 15
[2019-05-01 18:41:35.710] [sharedprocess] [info] Scanned user extensions: 15
[2019-05-01 18:46:35.736] [sharedprocess] [info] Scanned user extensions: 15
[2019-05-01 18:51:35.764] [sharedprocess] [info] Scanned user extensions: 15
[2019-05-01 18:56:35.790] [sharedprocess] [info] Scanned user extensions: 15
[2019-05-01 19:01:35.819] [sharedprocess] [info] Scanned user extensions: 15
[2019-05-01 19:06:36.020] [sharedprocess] [info] Scanned user extensions: 15
[2019-05-01 19:11:36.046] [sharedprocess] [info] Scanned user extensions: 15
[2019-05-01 19:16:36.072] [sharedprocess] [info] Scanned user extensions: 15
[2019-05-01 19:21:36.101] [sharedprocess] [info] Scanned user extensions: 15
[2019-05-01 19:26:36.130] [sharedprocess] [info] Scanned user extensions: 15
[2019-05-01 19:31:36.158] [sharedprocess] [info] Scanned user extensions: 15
[2019-05-01 19:36:36.185] [sharedprocess] [info] Scanned user extensions: 15
[2019-05-01 19:41:36.212] [sharedprocess] [info] Scanned user extensions: 15
[2019-05-01 19:46:36.239] [sharedprocess] [info] Scanned user extensions: 15
[2019-05-01 19:51:36.271] [sharedprocess] [info] Scanned user extensions: 15
[2019-05-01 19:56:36.305] [sharedprocess] [info] Scanned user extensions: 15
[2019-05-01 20:01:36.331] [sharedprocess] [info] Scanned user extensions: 15
[2019-05-01 20:06:36.975] [sharedprocess] [info] Scanned user extensions: 15
[2019-05-01 20:11:37.005] [sharedprocess] [info] Scanned user extensions: 15
[2019-05-01 20:13:35.487] [sharedprocess] [info] Scanned user extensions: 15
[2019-05-01 20:13:35.496] [sharedprocess] [info] Scanned user extensions: 15
[2019-05-01 20:13:35.515] [sharedprocess] [info] Scanned system extensions: 72
[2019-05-01 20:13:35.520] [sharedprocess] [info] Scanned system extensions: 72
[2019-05-01 20:13:37.779] [sharedprocess] [info] Scanned user extensions: 15
[2019-05-01 20:13:57.352] [sharedprocess] [info] Scanned user extensions: 15
[2019-05-01 20:13:57.355] [sharedprocess] [info] Scanned user extensions: 15
[2019-05-01 20:13:57.379] [sharedprocess] [info] Scanned system extensions: 72
[2019-05-01 20:13:57.385] [sharedprocess] [info] Scanned system extensions: 72
[2019-05-01 20:13:59.558] [sharedprocess] [info] Scanned user extensions: 15
[2019-05-01 20:16:37.035] [sharedprocess] [info] Scanned user extensions: 15
[2019-05-01 20:21:37.064] [sharedprocess] [info] Scanned user extensions: 15
[2019-05-01 20:26:37.088] [sharedprocess] [info] Scanned user extensions: 15
[2019-05-01 20:31:37.114] [sharedprocess] [info] Scanned user extensions: 15
[2019-05-01 20:36:37.145] [sharedprocess] [info] Scanned user extensions: 15
[2019-05-01 20:41:37.172] [sharedprocess] [info] Scanned user extensions: 15
