[2019-05-01 20:13:35.821] [exthost] [info] extension host started
[2019-05-01 20:13:35.839] [exthost] [info] ExtensionService#_doActivateExtension vscode.debug-auto-launch {"startup":true,"activationEvent":"*"}
[2019-05-01 20:13:35.839] [exthost] [info] ExtensionService#loadCommonJSModule /usr/share/code/resources/app/extensions/debug-auto-launch/dist/extension
[2019-05-01 20:13:35.844] [exthost] [info] ExtensionService#_doActivateExtension vscode.emmet {"startup":true,"activationEvent":"*"}
[2019-05-01 20:13:35.844] [exthost] [info] ExtensionService#loadCommonJSModule /usr/share/code/resources/app/extensions/emmet/dist/extension
[2019-05-01 20:13:35.858] [exthost] [info] ExtensionService#_doActivateExtension vscode.git {"startup":true,"activationEvent":"*"}
[2019-05-01 20:13:35.858] [exthost] [info] ExtensionService#loadCommonJSModule /usr/share/code/resources/app/extensions/git/dist/main
[2019-05-01 20:13:35.939] [exthost] [info] ExtensionService#_doActivateExtension vscode.merge-conflict {"startup":true,"activationEvent":"*"}
[2019-05-01 20:13:35.939] [exthost] [info] ExtensionService#loadCommonJSModule /usr/share/code/resources/app/extensions/merge-conflict/dist/extension
[2019-05-01 20:13:35.943] [exthost] [info] ExtensionService#_doActivateExtension alefragnani.Bookmarks {"startup":true,"activationEvent":"*"}
[2019-05-01 20:13:35.943] [exthost] [info] ExtensionService#loadCommonJSModule /home/fluper/.vscode/extensions/alefragnani.bookmarks-10.4.3/dist/extension
[2019-05-01 20:13:35.951] [exthost] [info] ExtensionService#_doActivateExtension CoenraadS.bracket-pair-colorizer {"startup":true,"activationEvent":"*"}
[2019-05-01 20:13:35.951] [exthost] [info] ExtensionService#loadCommonJSModule /home/fluper/.vscode/extensions/coenraads.bracket-pair-colorizer-1.0.61/out/src/extension
[2019-05-01 20:13:35.965] [exthost] [info] ExtensionService#_doActivateExtension eamodio.gitlens {"startup":true,"activationEvent":"*"}
[2019-05-01 20:13:35.965] [exthost] [info] ExtensionService#loadCommonJSModule /home/fluper/.vscode/extensions/eamodio.gitlens-9.6.3/dist/extension
[2019-05-01 20:13:36.057] [exthost] [info] ExtensionService#_doActivateExtension esbenp.prettier-vscode {"startup":true,"activationEvent":"*"}
[2019-05-01 20:13:36.057] [exthost] [info] ExtensionService#loadCommonJSModule /home/fluper/.vscode/extensions/esbenp.prettier-vscode-1.9.0/out/src/extension
[2019-05-01 20:13:36.198] [exthost] [info] ExtensionService#_doActivateExtension HookyQR.beautify {"startup":true,"activationEvent":"*"}
[2019-05-01 20:13:36.198] [exthost] [info] ExtensionService#loadCommonJSModule /home/fluper/.vscode/extensions/hookyqr.beautify-1.4.11/extension
[2019-05-01 20:13:36.232] [exthost] [info] ExtensionService#_doActivateExtension ms-vscode.atom-keybindings {"startup":true,"activationEvent":"*"}
[2019-05-01 20:13:36.232] [exthost] [info] ExtensionService#loadCommonJSModule /home/fluper/.vscode/extensions/ms-vscode.atom-keybindings-3.0.6/extension
[2019-05-01 20:13:36.233] [exthost] [info] eager extensions activated
[2019-05-01 20:13:57.715] [exthost] [info] extension host started
[2019-05-01 20:13:57.732] [exthost] [info] ExtensionService#_doActivateExtension vscode.debug-auto-launch {"startup":true,"activationEvent":"*"}
[2019-05-01 20:13:57.732] [exthost] [info] ExtensionService#loadCommonJSModule /usr/share/code/resources/app/extensions/debug-auto-launch/dist/extension
[2019-05-01 20:13:57.736] [exthost] [info] ExtensionService#_doActivateExtension vscode.emmet {"startup":true,"activationEvent":"*"}
[2019-05-01 20:13:57.737] [exthost] [info] ExtensionService#loadCommonJSModule /usr/share/code/resources/app/extensions/emmet/dist/extension
[2019-05-01 20:13:57.755] [exthost] [info] ExtensionService#_doActivateExtension vscode.git {"startup":true,"activationEvent":"*"}
[2019-05-01 20:13:57.755] [exthost] [info] ExtensionService#loadCommonJSModule /usr/share/code/resources/app/extensions/git/dist/main
[2019-05-01 20:13:57.835] [exthost] [info] ExtensionService#_doActivateExtension vscode.merge-conflict {"startup":true,"activationEvent":"*"}
[2019-05-01 20:13:57.835] [exthost] [info] ExtensionService#loadCommonJSModule /usr/share/code/resources/app/extensions/merge-conflict/dist/extension
[2019-05-01 20:13:57.839] [exthost] [info] ExtensionService#_doActivateExtension alefragnani.Bookmarks {"startup":true,"activationEvent":"*"}
[2019-05-01 20:13:57.839] [exthost] [info] ExtensionService#loadCommonJSModule /home/fluper/.vscode/extensions/alefragnani.bookmarks-10.4.3/dist/extension
[2019-05-01 20:13:57.848] [exthost] [info] ExtensionService#_doActivateExtension CoenraadS.bracket-pair-colorizer {"startup":true,"activationEvent":"*"}
[2019-05-01 20:13:57.848] [exthost] [info] ExtensionService#loadCommonJSModule /home/fluper/.vscode/extensions/coenraads.bracket-pair-colorizer-1.0.61/out/src/extension
[2019-05-01 20:13:57.862] [exthost] [info] ExtensionService#_doActivateExtension eamodio.gitlens {"startup":true,"activationEvent":"*"}
[2019-05-01 20:13:57.862] [exthost] [info] ExtensionService#loadCommonJSModule /home/fluper/.vscode/extensions/eamodio.gitlens-9.6.3/dist/extension
[2019-05-01 20:13:57.955] [exthost] [info] ExtensionService#_doActivateExtension esbenp.prettier-vscode {"startup":true,"activationEvent":"*"}
[2019-05-01 20:13:57.955] [exthost] [info] ExtensionService#loadCommonJSModule /home/fluper/.vscode/extensions/esbenp.prettier-vscode-1.9.0/out/src/extension
[2019-05-01 20:13:58.099] [exthost] [info] ExtensionService#_doActivateExtension HookyQR.beautify {"startup":true,"activationEvent":"*"}
[2019-05-01 20:13:58.099] [exthost] [info] ExtensionService#loadCommonJSModule /home/fluper/.vscode/extensions/hookyqr.beautify-1.4.11/extension
[2019-05-01 20:13:58.131] [exthost] [info] ExtensionService#_doActivateExtension ms-vscode.atom-keybindings {"startup":true,"activationEvent":"*"}
[2019-05-01 20:13:58.131] [exthost] [info] ExtensionService#loadCommonJSModule /home/fluper/.vscode/extensions/ms-vscode.atom-keybindings-3.0.6/extension
[2019-05-01 20:13:58.132] [exthost] [info] eager extensions activated
[2019-05-01 20:15:42.246] [exthost] [info] ExtensionService#_doActivateExtension vscode.typescript-language-features {"startup":false,"activationEvent":"onLanguage:javascript"}
[2019-05-01 20:15:42.246] [exthost] [info] ExtensionService#loadCommonJSModule /usr/share/code/resources/app/extensions/typescript-language-features/dist/extension
[2019-05-01 20:15:46.416] [exthost] [info] ExtensionService#_doActivateExtension vscode.extension-editing {"startup":false,"activationEvent":"onLanguage:typescript"}
[2019-05-01 20:15:46.416] [exthost] [info] ExtensionService#loadCommonJSModule /usr/share/code/resources/app/extensions/extension-editing/dist/extension
